[debug] [2023-05-23T16:04:42.145Z] ----------------------------------------------------------------------
[debug] [2023-05-23T16:04:42.149Z] Command:       C:\Program Files\nodejs\node.exe C:\Users\UBAID\AppData\Roaming\npm\node_modules\firebase-tools\lib\bin\firebase.js init hosting
[debug] [2023-05-23T16:04:42.150Z] CLI Version:   12.0.0
[debug] [2023-05-23T16:04:42.150Z] Platform:      win32
[debug] [2023-05-23T16:04:42.151Z] Node Version:  v18.16.0
[debug] [2023-05-23T16:04:42.152Z] Time:          Tue May 23 2023 21:04:42 GMT+0500 (Pakistan Standard Time)
[debug] [2023-05-23T16:04:42.152Z] ----------------------------------------------------------------------
[debug] 
[debug] [2023-05-23T16:04:42.244Z] > command requires scopes: ["email","openid","https://www.googleapis.com/auth/cloudplatformprojects.readonly","https://www.googleapis.com/auth/firebase","https://www.googleapis.com/auth/cloud-platform"]
[debug] [2023-05-23T16:04:42.244Z] > authorizing via signed-in user (ubaidkhank1998@gmail.com)
[info] 
     ######## #### ########  ######## ########     ###     ######  ########
     ##        ##  ##     ## ##       ##     ##  ##   ##  ##       ##
     ######    ##  ########  ######   ########  #########  ######  ######
     ##        ##  ##    ##  ##       ##     ## ##     ##       ## ##
     ##       #### ##     ## ######## ########  ##     ##  ######  ########

You're about to initialize a Firebase project in this directory:

  C:\Users\UBAID\Documents\A KPIT  internship\Angular\project\old\HospitalManagement

Before we get started, keep in mind:

  * You are initializing within an existing Firebase project directory

[info] 
=== Project Setup
[info] 
[info] First, let's associate this project directory with a Firebase project.
[info] You can create multiple project aliases by running firebase use --add, 
[info] but for now we'll just set up a default project.
[info] 
[debug] [2023-05-23T16:04:44.714Z] Using project from CLI flag: hospital-f000e
[debug] [2023-05-23T16:04:44.716Z] > refreshing access token with scopes: []
[debug] [2023-05-23T16:04:44.718Z] >>> [apiv2][query] POST https://www.googleapis.com/oauth2/v3/token [none]
[debug] [2023-05-23T16:04:44.718Z] >>> [apiv2][body] POST https://www.googleapis.com/oauth2/v3/token [omitted]
[debug] [2023-05-23T16:04:45.391Z] <<< [apiv2][status] POST https://www.googleapis.com/oauth2/v3/token 200
[debug] [2023-05-23T16:04:45.392Z] <<< [apiv2][body] POST https://www.googleapis.com/oauth2/v3/token [omitted]
[debug] [2023-05-23T16:04:45.406Z] >>> [apiv2][query] GET https://firebase.googleapis.com/v1beta1/projects/hospital-f000e [none]
[debug] [2023-05-23T16:04:46.087Z] <<< [apiv2][status] GET https://firebase.googleapis.com/v1beta1/projects/hospital-f000e 200
[debug] [2023-05-23T16:04:46.088Z] <<< [apiv2][body] GET https://firebase.googleapis.com/v1beta1/projects/hospital-f000e {"projectId":"hospital-f000e","projectNumber":"965685386973","displayName":"hospital","name":"projects/hospital-f000e","resources":{"hostingSite":"hospital-f000e"},"state":"ACTIVE","etag":"1_a92b8fd1-b3a8-43bb-9405-1b25fa792bfa"}
[info] i  Using project hospital-f000e (hospital) 
[info] 
=== Hosting Setup
[info] 
[info] Your public directory is the folder (relative to your project directory) that
[info] will contain Hosting assets to be uploaded with firebase deploy. If you
[info] have a build process for your assets, use your build's output directory.
[info] 
